[2026-06-10T11:27:29.434Z] GET http://localhost:3456/ → 200 (4ms, 13437B)
[2026-06-10T11:27:30.018Z] GET http://localhost:3456/api/song?q=wonderwall → pending (?ms, ?B)
[2026-06-10T11:28:14.516Z] GET http://localhost:3456/api/tab?id=39144 → pending (?ms, ?B)
[2026-06-10T11:38:45.220Z] GET http://localhost:3456/ → 200 (2ms, 19932B)
[2026-06-10T11:38:45.278Z] GET http://localhost:3456/ → 200 (1ms, 19932B)
[2026-06-10T11:38:45.567Z] GET http://localhost:3456/api/suggest?q=one → 200 (1ms, 1509B)
[2026-06-10T11:38:45.570Z] GET https://is1-ssl.mzstatic.com/image/thumb/Music114/v4/c3/65/83/c3658386-7e98-e77c-ac2f-15ea33898bfa/858978005929.png/60x60bb.jpg → 200 (257ms, 2990B)
[2026-06-10T11:38:45.570Z] GET https://is1-ssl.mzstatic.com/image/thumb/Music125/v4/f2/e1/12/f2e112cc-71ee-807d-dcd3-c923d0a7d826/11UMGIM36566.rgb.jpg/60x60bb.jpg → 200 (258ms, 3222B)
[2026-06-10T11:38:45.570Z] GET https://is1-ssl.mzstatic.com/image/thumb/Music211/v4/8e/d0/84/8ed08455-44e9-718c-d2a3-2997ea329b12/15UMGIM00591.rgb.jpg/60x60bb.jpg → 200 (271ms, 2454B)
[2026-06-10T11:38:45.570Z] GET https://is1-ssl.mzstatic.com/image/thumb/Music125/v4/2d/36/f9/2d36f9a7-2c3e-ce0f-7fb6-036feecb221f/825646974450.jpg/60x60bb.jpg → 200 (261ms, 3281B)
[2026-06-10T11:38:45.570Z] GET https://is1-ssl.mzstatic.com/image/thumb/Music116/v4/92/d7/8f/92d78fb1-df3d-049e-c81d-7022808b151f/19UMGIM02973.rgb.jpg/60x60bb.jpg → 200 (259ms, 2162B)
[2026-06-10T11:38:45.570Z] GET https://is1-ssl.mzstatic.com/image/thumb/Music118/v4/38/0d/63/380d63a0-c4be-cdb2-0f2b-cd65398b4159/00076731104522.rgb.jpg/60x60bb.jpg → 200 (270ms, 3416B)
[2026-06-10T11:38:45.570Z] GET https://is1-ssl.mzstatic.com/image/thumb/Music124/v4/19/ab/bf/19abbf03-1736-dfa7-4825-31ef2a3dc9ef/05099990575754.jpg/60x60bb.jpg → 200 (270ms, 2090B)
[2026-06-10T11:38:45.572Z] GET https://is1-ssl.mzstatic.com/image/thumb/Music115/v4/d5/b4/ef/d5b4ef8a-a68f-223b-df91-16294395ffce/00601501410321.rgb.jpg/60x60bb.jpg → 200 (269ms, 2661B)
[2026-06-10T11:38:46.642Z] GET http://localhost:3456/api/suggest?q=one → 200 (2ms, 1509B)
[2026-06-10T11:39:09.745Z] GET http://localhost:3456/api/song?q=&artist=U2&title=One → 200 (7ms, 4672B)
[2026-06-10T11:39:12.976Z] GET http://localhost:3456/ → 200 (1ms, 19932B)
[2026-06-10T11:39:51.768Z] GET http://localhost:3456/ → 200 (2ms, 20286B)
[2026-06-10T11:50:00.333Z] GET https://maartenrischen.github.io/chords/ → 200 (395ms, 20578B)
[2026-06-10T11:50:01.046Z] GET https://chords-api.maartenrischen.workers.dev/api/suggest?q=hotel%20california → 200 (768ms, 2B)
[2026-06-10T11:50:02.615Z] GET https://chords-api.maartenrischen.workers.dev/api/suggest?q=hotel%20california → 200 (124ms, 2B)
[2026-06-10T11:51:43.606Z] GET https://maartenrischen.github.io/chords/ → pending (?ms, ?B)
[2026-06-10T11:51:44.308Z] GET https://chords-api.maartenrischen.workers.dev/api/suggest?q=hotel%20california → pending (?ms, ?B)
[2026-06-10T11:51:46.357Z] GET https://chords-api.maartenrischen.workers.dev/api/suggest?q=hotel%20california → 200 (179ms, 1585B)
[2026-06-10T11:51:46.539Z] GET https://is1-ssl.mzstatic.com/image/thumb/Music115/v4/88/16/2c/88162c3d-46db-8321-61f3-3a47404cfe76/075596050920.jpg/60x60bb.jpg → 200 (152ms, 3242B)
[2026-06-10T11:51:46.539Z] GET https://is1-ssl.mzstatic.com/image/thumb/Music124/v4/0d/d2/f8/0dd2f824-8730-6bd3-a645-6697c470fe47/s06.pnsyuean.jpg/60x60bb.jpg → 200 (153ms, 3289B)
[2026-06-10T11:51:46.539Z] GET https://is1-ssl.mzstatic.com/image/thumb/Music126/v4/db/6d/40/db6d404c-f3b8-4ecb-b083-ee2fdb9cc020/859784028744_cover.jpg/60x60bb.jpg → 200 (180ms, 3578B)
[2026-06-10T11:51:46.539Z] GET https://is1-ssl.mzstatic.com/image/thumb/Music126/v4/95/ef/c8/95efc809-25d2-d909-022f-fc7b86568f35/859721589840_cover.jpg/60x60bb.jpg → 200 (152ms, 2483B)
[2026-06-10T11:51:46.539Z] GET https://is1-ssl.mzstatic.com/image/thumb/Music211/v4/d3/5f/c1/d35fc121-38c8-4895-52e4-b26bd681dcac/5052917022472.jpg/60x60bb.jpg → 200 (153ms, 3580B)
[2026-06-10T11:51:46.539Z] GET https://is1-ssl.mzstatic.com/image/thumb/Music115/v4/5b/da/5b/5bda5b7e-4e9b-650c-c303-0e5d6e424739/5059594588345.jpg/60x60bb.jpg → 200 (272ms, 2701B)
[2026-06-10T11:51:46.539Z] GET https://is1-ssl.mzstatic.com/image/thumb/Music122/v4/68/ed/ba/68edbae6-17c9-70dc-6b6c-57f6fa63855a/603497869800.jpg/60x60bb.jpg → 200 (180ms, 2960B)
[2026-06-10T11:51:46.539Z] GET https://is1-ssl.mzstatic.com/image/thumb/Music4/v4/97/27/03/972703cc-5f4a-467d-b34a-f500f24fd680/886444595254.jpg/60x60bb.jpg → 200 (180ms, 2999B)
[2026-06-10T11:51:59.339Z] GET https://chords-api.maartenrischen.workers.dev/api/song?q=&artist=Eagles&title=Hotel%20California → pending (?ms, ?B)
[2026-06-10T11:56:22.449Z] GET https://maartenrischen.github.io/chords/ → 200 (49ms, 20578B)
[2026-06-10T11:56:22.788Z] GET https://chords-api.maartenrischen.workers.dev/api/suggest?q=hotel%20california → pending (?ms, ?B)
[2026-06-10T11:56:23.453Z] GET https://is1-ssl.mzstatic.com/image/thumb/Music115/v4/88/16/2c/88162c3d-46db-8321-61f3-3a47404cfe76/075596050920.jpg/60x60bb.jpg → 200 (?ms, 3242B)
[2026-06-10T11:56:23.453Z] GET https://is1-ssl.mzstatic.com/image/thumb/Music124/v4/0d/d2/f8/0dd2f824-8730-6bd3-a645-6697c470fe47/s06.pnsyuean.jpg/60x60bb.jpg → 200 (1ms, 3289B)
[2026-06-10T11:56:23.454Z] GET https://is1-ssl.mzstatic.com/image/thumb/Music126/v4/db/6d/40/db6d404c-f3b8-4ecb-b083-ee2fdb9cc020/859784028744_cover.jpg/60x60bb.jpg → 200 (?ms, 3578B)
[2026-06-10T11:56:23.454Z] GET https://is1-ssl.mzstatic.com/image/thumb/Music126/v4/95/ef/c8/95efc809-25d2-d909-022f-fc7b86568f35/859721589840_cover.jpg/60x60bb.jpg → 200 (?ms, 2483B)
[2026-06-10T11:56:23.454Z] GET https://is1-ssl.mzstatic.com/image/thumb/Music211/v4/d3/5f/c1/d35fc121-38c8-4895-52e4-b26bd681dcac/5052917022472.jpg/60x60bb.jpg → 200 (1ms, 3580B)
[2026-06-10T11:56:23.455Z] GET https://is1-ssl.mzstatic.com/image/thumb/Music115/v4/5b/da/5b/5bda5b7e-4e9b-650c-c303-0e5d6e424739/5059594588345.jpg/60x60bb.jpg → 200 (?ms, 2701B)
[2026-06-10T11:56:23.455Z] GET https://is1-ssl.mzstatic.com/image/thumb/Music122/v4/68/ed/ba/68edbae6-17c9-70dc-6b6c-57f6fa63855a/603497869800.jpg/60x60bb.jpg → 200 (1ms, 2960B)
[2026-06-10T11:56:23.456Z] GET https://is1-ssl.mzstatic.com/image/thumb/Music4/v4/97/27/03/972703cc-5f4a-467d-b34a-f500f24fd680/886444595254.jpg/60x60bb.jpg → 200 (?ms, 2999B)
[2026-06-10T11:56:24.258Z] GET https://chords-api.maartenrischen.workers.dev/api/suggest?q=hotel%20california → 200 (206ms, 1585B)
[2026-06-10T11:56:26.582Z] GET https://chords-api.maartenrischen.workers.dev/api/song?q=&artist=Eagles&title=Hotel%20California → pending (?ms, ?B)
[2026-06-10T12:02:36.303Z] GET http://localhost:3456/ → 200 (6ms, 22047B)
[2026-06-10T12:02:36.417Z] GET http://localhost:3456/ → 200 (1ms, 22047B)
[2026-06-10T12:02:36.724Z] GET http://localhost:3456/api/suggest?q=fix%20you%20coldplay → pending (?ms, ?B)
[2026-06-10T12:02:37.535Z] GET https://is1-ssl.mzstatic.com/image/thumb/Music115/v4/0c/82/48/0c8248a8-4a5b-d30d-8056-f32d650d2fc9/190295978068.jpg/60x60bb.jpg → 200 (220ms, 1451B)
[2026-06-10T12:02:37.535Z] GET https://is1-ssl.mzstatic.com/image/thumb/Music126/v4/b8/e8/58/b8e85821-7620-f706-b521-071adb37429a/21UM1IM20503.rgb.jpg/60x60bb.jpg → 200 (221ms, 2167B)
[2026-06-10T12:02:37.535Z] GET https://is1-ssl.mzstatic.com/image/thumb/Music115/v4/b4/3e/45/b43e459c-e16e-397d-72f3-52cf1b85b70f/881034461124_Cover.jpg/60x60bb.jpg → 200 (788ms, 3080B)
[2026-06-10T12:02:37.535Z] GET https://is1-ssl.mzstatic.com/image/thumb/Music128/v4/f6/2b/3c/f62b3c02-7795-05ea-0728-72fa980524e5/95e23bb5-b160-449e-8c1e-1b4da9e33e61.jpg/60x60bb.jpg → 200 (294ms, 2402B)
[2026-06-10T12:02:37.535Z] GET https://is1-ssl.mzstatic.com/image/thumb/Music113/v4/b2/0b/f9/b20bf95a-66c4-83ab-a3b5-ff87d57d50f5/20UMGIM44235.rgb.jpg/60x60bb.jpg → 200 (221ms, 2414B)
[2026-06-10T12:02:37.535Z] GET https://is1-ssl.mzstatic.com/image/thumb/Music3/v4/65/58/66/655866c6-3a2d-f27c-fc9e-48b8a1f9de29/859713209701_cover.tif/60x60bb.jpg → 200 (293ms, 3051B)
[2026-06-10T12:02:37.535Z] GET https://is1-ssl.mzstatic.com/image/thumb/Music123/v4/87/35/8e/87358e9a-62ea-ce02-e321-b60aadbd9ce6/886448134435.jpg/60x60bb.jpg → 200 (220ms, 2319B)
[2026-06-10T12:02:38.526Z] GET http://localhost:3456/api/song?q=fix%20you%20coldplay → pending (?ms, ?B)
